<?xml version="1.0" encoding="UTF-8"?>
<!-- Generated by org.testng.reporters.JUnitReportReporter -->
<testsuite skipped="0" hostname="DESKTOP-TQ0TQVC" name="testCases.StartApplication" tests="1" failures="0" timestamp="11 Mar 2020 06:09:00 GMT" time="33.220" errors="0">
  <testcase name="launchingFloow" time="33.220" classname="testCases.StartApplication"/>
</testsuite> <!-- testCases.StartApplication -->
