<?xml version="1.0" encoding="UTF-8"?>
<!-- Generated by org.testng.reporters.JUnitReportReporter -->
<testsuite skipped="0" hostname="DESKTOP-TQ0TQVC" name="testCases.HomeJourneyMoreOptions" tests="1" failures="0" timestamp="10 Mar 2020 22:17:12 GMT" time="6.670" errors="0">
  <testcase name="traverseHJM" time="6.670" classname="testCases.HomeJourneyMoreOptions"/>
</testsuite> <!-- testCases.HomeJourneyMoreOptions -->
