<?xml version="1.0" encoding="UTF-8"?>
<!-- Generated by org.testng.reporters.JUnitReportReporter -->
<testsuite skipped="0" hostname="DESKTOP-TQ0TQVC" name="testCases.JourneyParametersPresent" tests="1" failures="0" timestamp="11 Mar 2020 13:11:15 GMT" time="4.969" errors="0">
  <testcase name="JourneyParameterspresent" time="4.969" classname="testCases.JourneyParametersPresent"/>
</testsuite> <!-- testCases.JourneyParametersPresent -->
