<?xml version="1.0" encoding="UTF-8"?>
<!-- Generated by org.testng.reporters.JUnitReportReporter -->
<testsuite skipped="0" hostname="DESKTOP-TQ0TQVC" name="Amazon.StartApplication" tests="1" failures="0" timestamp="09 Mar 2020 22:12:26 GMT" time="5.725" errors="0">
  <testcase name="testCal" time="5.725" classname="Amazon.StartApplication"/>
</testsuite> <!-- Amazon.StartApplication -->
