<?xml version="1.0" encoding="UTF-8"?>
<!-- Generated by org.testng.reporters.JUnitReportReporter -->
<testsuite skipped="0" hostname="DESKTOP-TQ0TQVC" name="testCases.NavigatingHomeParameters" tests="1" failures="0" timestamp="11 Mar 2020 06:09:00 GMT" time="10.201" errors="0">
  <testcase name="allParamterstraverse" time="10.201" classname="testCases.NavigatingHomeParameters"/>
</testsuite> <!-- testCases.NavigatingHomeParameters -->
