<?xml version="1.0" encoding="UTF-8"?>
<!-- Generated by org.testng.reporters.JUnitReportReporter -->
<testsuite skipped="0" hostname="DESKTOP-TQ0TQVC" name="testCases.HomeJourneyMoreOptions" tests="1" failures="0" timestamp="11 Mar 2020 13:11:15 GMT" time="8.057" errors="0">
  <testcase name="traverseHJM" time="8.057" classname="testCases.HomeJourneyMoreOptions"/>
</testsuite> <!-- testCases.HomeJourneyMoreOptions -->
